INFO:	get_index.py:detect_method():67	Try get data EPS cơ bản
INFO:	get_index.py:detect_method():67	Try get data EPS pha loãng
INFO:	get_index.py:detect_method():67	Try get data P/E
INFO:	get_index.py:detect_method():67	Try get data Giá trị sổ sách
INFO:	get_index.py:detect_method():67	Try get data Hệ số beta
INFO:	get_index.py:detect_method():67	Try get data KLGD khớp lệnh trung bình 10 phiên
INFO:	get_index.py:detect_method():67	Try get data KLCP đang niêm yết
INFO:	get_index.py:detect_method():67	Try get data KLCP đang lưu hành
INFO:	get_index.py:detect_method():67	Try get data thị trường
INFO:	get_index.py:detect_method():67	Try get data EPS cơ bản
INFO:	get_index.py:detect_method():67	Try get data EPS pha loãng
INFO:	get_index.py:detect_method():67	Try get data P/E
INFO:	get_index.py:detect_method():67	Try get data Giá trị sổ sách
INFO:	get_index.py:detect_method():67	Try get data Hệ số beta
INFO:	get_index.py:detect_method():67	Try get data KLGD khớp lệnh trung bình 10 phiên
INFO:	get_index.py:detect_method():67	Try get data KLCP đang niêm yết
INFO:	get_index.py:detect_method():67	Try get data KLCP đang lưu hành
INFO:	get_index.py:detect_method():67	Try get data thị trường
INFO:	get_index.py:detect_method():67	Try get data EPS cơ bản
INFO:	get_index.py:detect_method():67	Try get data EPS pha loãng
INFO:	get_index.py:detect_method():67	Try get data P/E
INFO:	get_index.py:detect_method():67	Try get data Giá trị sổ sách
INFO:	get_index.py:detect_method():67	Try get data Hệ số beta
INFO:	get_index.py:detect_method():67	Try get data KLGD khớp lệnh trung bình 10 phiên
INFO:	get_index.py:detect_method():67	Try get data KLCP đang niêm yết
INFO:	get_index.py:detect_method():67	Try get data KLCP đang lưu hành
INFO:	get_index.py:detect_method():67	Try get data thị trường
INFO:	get_index.py:detect_method():67	Try get data EPS cơ bản
INFO:	get_index.py:detect_method():67	Try get data EPS pha loãng
INFO:	get_index.py:detect_method():67	Try get data P/E
INFO:	get_index.py:detect_method():67	Try get data Giá trị sổ sách
INFO:	get_index.py:detect_method():67	Try get data Hệ số beta
INFO:	get_index.py:detect_method():67	Try get data KLGD khớp lệnh trung bình 10 phiên
INFO:	get_index.py:detect_method():67	Try get data KLCP đang niêm yết
INFO:	get_index.py:detect_method():67	Try get data KLCP đang lưu hành
INFO:	get_index.py:detect_method():67	Try get data thị trường
